<!DOCTYPE html PUBLIC "-//W3C//DTD XHTML 1.1//EN" "http://www.w3.org/TR/xhtml11/DTD/xhtml11.dtd">
<html xmlns="http://www.w3.org/1999/xhtml">
<head>
<meta http-equiv="content-type" content="text/html; charset=UTF-8"/>
<title>TestNG Report</title>
<style type="text/css">table {margin-bottom:10px;border-collapse:collapse;empty-cells:show}th,td {border:1px solid #009;padding:.25em .5em}th {vertical-align:bottom}td {vertical-align:top}table a {font-weight:bold}.stripe td {background-color: #E6EBF9}.num {text-align:right}.passedodd td {background-color: #3F3}.passedeven td {background-color: #0A0}.skippedodd td {background-color: #DDD}.skippedeven td {background-color: #CCC}.failedodd td,.attn {background-color: #F33}.failedeven td,.stripe .attn {background-color: #D00}.stacktrace {white-space:pre;font-family:monospace}.totop {font-size:85%;text-align:center;border-bottom:2px solid #000}.invisible {display:none}</style>
</head>
<body>
<table>
<tr><th>Test</th><th># Passed</th><th># Skipped</th><th># Failed</th><th>Time (ms)</th><th>Included Groups</th><th>Excluded Groups</th></tr>
<tr><th colspan="7">Suite</th></tr>
<tr><td><a href="#t0">Test</a></td><td class="num">15</td><td class="num attn">3</td><td class="num attn">2</td><td class="num">567,358</td><td>validLogin, invalidLogin</td><td></td></tr>
</table>
<table id='summary'><thead><tr><th>Class</th><th>Method</th><th>Start</th><th>Time (ms)</th></tr></thead><tbody><tr><th colspan="4">Suite</th></tr></tbody><tbody id="t0"><tr><th colspan="4">Test &#8212; failed</th></tr><tr class="failedeven"><td rowspan="1">com.SeleniumExitTest.tests.LoginTest</td><td><a href="#m0">invalidUsername</a></td><td rowspan="1">1644421989085</td><td rowspan="1">4277</td></tr><tr class="failedodd"><td rowspan="1">com.SeleniumExitTest.tests.LogoutTest</td><td><a href="#m1">logout</a></td><td rowspan="1">1644421956695</td><td rowspan="1">10264</td></tr><tr><th colspan="4">Test &#8212; skipped</th></tr><tr class="skippedeven"><td rowspan="3">com.SeleniumExitTest.tests.LoginTest</td><td><a href="#m2">emptyPassword</a></td><td rowspan="1">1644422033362</td><td rowspan="1">12</td></tr><tr class="skippedeven"><td><a href="#m3">emptyUsername</a></td><td rowspan="1">1644422027000</td><td rowspan="1">8</td></tr><tr class="skippedeven"><td><a href="#m4">emptyUsernameAndEmptyPassword</a></td><td rowspan="1">1644422020481</td><td rowspan="1">13</td></tr><tr><th colspan="4">Test &#8212; passed</th></tr><tr class="passedeven"><td rowspan="3">com.SeleniumExitTest.tests.AddToCartTest</td><td><a href="#m5">AddProductToCart</a></td><td rowspan="1">1644422373182</td><td rowspan="1">36740</td></tr><tr class="passedeven"><td><a href="#m6">RemoveProductFromCart</a></td><td rowspan="1">1644422416290</td><td rowspan="1">45264</td></tr><tr class="passedeven"><td><a href="#m7">SaveForLater</a></td><td rowspan="1">1644422471600</td><td rowspan="1">41794</td></tr><tr class="passedodd"><td rowspan="10">com.SeleniumExitTest.tests.HomeTest</td><td><a href="#m8">flipkartCoupons</a></td><td rowspan="1">1644422270168</td><td rowspan="1">22566</td></tr><tr class="passedodd"><td><a href="#m9">flipkartFilterType</a></td><td rowspan="1">1644422335276</td><td rowspan="1">31377</td></tr><tr class="passedodd"><td><a href="#m10">flipkartLogo</a></td><td rowspan="1">1644422194884</td><td rowspan="1">26979</td></tr><tr class="passedodd"><td><a href="#m11">flipkartNotifications</a></td><td rowspan="1">1644422299386</td><td rowspan="1">23426</td></tr><tr class="passedodd"><td><a href="#m12">flipkartPlusZone</a></td><td rowspan="1">1644422229165</td><td rowspan="1">31468</td></tr><tr class="passedodd"><td><a href="#m13">myOrders</a></td><td rowspan="1">1644422134703</td><td rowspan="1">17325</td></tr><tr class="passedodd"><td><a href="#m14">productSearch</a></td><td rowspan="1">1644422040316</td><td rowspan="1">23244</td></tr><tr class="passedodd"><td><a href="#m15">removeWishlistProduct</a></td><td rowspan="1">1644422111699</td><td rowspan="1">14576</td></tr><tr class="passedodd"><td><a href="#m16">superCoin</a></td><td rowspan="1">1644422160406</td><td rowspan="1">27171</td></tr><tr class="passedodd"><td><a href="#m17">wishlistProduct</a></td><td rowspan="1">1644422069772</td><td rowspan="1">34529</td></tr><tr class="passedeven"><td rowspan="2">com.SeleniumExitTest.tests.LoginTest</td><td><a href="#m18">invalidPassword</a></td><td rowspan="1">1644422007477</td><td rowspan="1">6683</td></tr><tr class="passedeven"><td><a href="#m19">validLogin</a></td><td rowspan="1">1644421977438</td><td rowspan="1">3071</td></tr></tbody>
</table>
<h2>Test</h2><h3 id="m0">com.SeleniumExitTest.tests.LoginTest#invalidUsername</h3><table class="result"><tr><th>Exception</th></tr><tr><td><div class="stacktrace">org.openqa.selenium.NoSuchElementException: no such element: Unable to locate element: {&quot;method&quot;:&quot;xpath&quot;,&quot;selector&quot;:&quot;html[1]/body[1]/div[2]/div[1]/div[1]/div[1]/div[1]/div[2]/div[1]/form[1]/div[1]/span[3]/span[1]&quot;}
  (Session info: chrome=97.0.4692.99)
For documentation on this error, please visit: https://www.seleniumhq.org/exceptions/no_such_element.html
Build info: version: &apos;3.141.59&apos;, revision: &apos;e82be7d358&apos;, time: &apos;2018-11-14T08:17:03&apos;
System info: host: &apos;ANUJSEWANI&apos;, ip: &apos;192.168.0.108&apos;, os.name: &apos;Windows 10&apos;, os.arch: &apos;amd64&apos;, os.version: &apos;10.0&apos;, java.version: &apos;11.0.1&apos;
Driver info: org.openqa.selenium.chrome.ChromeDriver
Capabilities {acceptInsecureCerts: false, browserName: chrome, browserVersion: 97.0.4692.99, chrome: {chromedriverVersion: 97.0.4692.71 (adefa7837d02a..., userDataDir: C:\Users\ANUJSE~1\AppData\L...}, goog:chromeOptions: {debuggerAddress: localhost:50949}, javascriptEnabled: true, networkConnectionEnabled: false, pageLoadStrategy: normal, platform: WINDOWS, platformName: WINDOWS, proxy: Proxy(), setWindowRect: true, strictFileInteractability: false, timeouts: {implicit: 0, pageLoad: 300000, script: 30000}, unhandledPromptBehavior: dismiss and notify, webauthn:extension:credBlob: true, webauthn:extension:largeBlob: true, webauthn:virtualAuthenticators: true}
Session ID: a6a8c4301a5b5e89d141f9893fe399cc
*** Element info: {Using=xpath, value=html[1]/body[1]/div[2]/div[1]/div[1]/div[1]/div[1]/div[2]/div[1]/form[1]/div[1]/span[3]/span[1]}
	at org.openqa.selenium.remote.http.W3CHttpResponseCodec.createException(W3CHttpResponseCodec.java:187)
	at org.openqa.selenium.remote.http.W3CHttpResponseCodec.decode(W3CHttpResponseCodec.java:122)
	at org.openqa.selenium.remote.http.W3CHttpResponseCodec.decode(W3CHttpResponseCodec.java:49)
	at org.openqa.selenium.remote.HttpCommandExecutor.execute(HttpCommandExecutor.java:158)
	at org.openqa.selenium.remote.service.DriverCommandExecutor.execute(DriverCommandExecutor.java:83)
	at org.openqa.selenium.remote.RemoteWebDriver.execute(RemoteWebDriver.java:552)
	at org.openqa.selenium.remote.RemoteWebDriver.findElement(RemoteWebDriver.java:323)
	at org.openqa.selenium.remote.RemoteWebDriver.findElementByXPath(RemoteWebDriver.java:428)
	at org.openqa.selenium.By$ByXPath.findElement(By.java:353)
	at org.openqa.selenium.remote.RemoteWebDriver.findElement(RemoteWebDriver.java:315)
	at org.openqa.selenium.support.pagefactory.DefaultElementLocator.findElement(DefaultElementLocator.java:69)
	at org.openqa.selenium.support.pagefactory.internal.LocatingElementHandler.invoke(LocatingElementHandler.java:38)
	at com.sun.proxy.$Proxy15.getText(Unknown Source)
	at com.SeleniumExitTest.tests.LoginTest.invalidUsername(LoginTest.java:93)
... Removed 29 stack frames</div></td></tr></table><p class="totop"><a href="#summary">back to summary</a></p>
<h3 id="m1">com.SeleniumExitTest.tests.LogoutTest#logout</h3><table class="result"><tr><th>Exception</th></tr><tr><td><div class="stacktrace">org.openqa.selenium.json.JsonException: java.lang.reflect.InvocationTargetException
Build info: version: &apos;3.141.59&apos;, revision: &apos;e82be7d358&apos;, time: &apos;2018-11-14T08:17:03&apos;
System info: host: &apos;ANUJSEWANI&apos;, ip: &apos;192.168.0.108&apos;, os.name: &apos;Windows 10&apos;, os.arch: &apos;amd64&apos;, os.version: &apos;10.0&apos;, java.version: &apos;11.0.1&apos;
Driver info: driver.version: RemoteWebDriver
	at org.openqa.selenium.json.JsonOutput.convertUsingMethod(JsonOutput.java:332)
	at org.openqa.selenium.json.JsonOutput.lambda$new$16(JsonOutput.java:155)
	at org.openqa.selenium.json.JsonOutput.write(JsonOutput.java:264)
	at org.openqa.selenium.json.JsonOutput.lambda$null$21(JsonOutput.java:168)
	at java.base/java.util.LinkedHashMap$LinkedValues.forEach(LinkedHashMap.java:608)
	at org.openqa.selenium.json.JsonOutput.lambda$new$22(JsonOutput.java:168)
	at org.openqa.selenium.json.JsonOutput.write(JsonOutput.java:264)
	at org.openqa.selenium.json.JsonOutput.lambda$null$23(JsonOutput.java:177)
	at com.google.common.collect.SingletonImmutableBiMap.forEach(SingletonImmutableBiMap.java:65)
	at org.openqa.selenium.json.JsonOutput.lambda$new$24(JsonOutput.java:176)
	at org.openqa.selenium.json.JsonOutput.write(JsonOutput.java:264)
	at org.openqa.selenium.json.JsonOutput.write(JsonOutput.java:255)
	at org.openqa.selenium.json.Json.toJson(Json.java:42)
	at org.openqa.selenium.remote.http.AbstractHttpCommandCodec.encode(AbstractHttpCommandCodec.java:227)
	at org.openqa.selenium.remote.http.AbstractHttpCommandCodec.encode(AbstractHttpCommandCodec.java:117)
	at org.openqa.selenium.remote.HttpCommandExecutor.execute(HttpCommandExecutor.java:152)
	at org.openqa.selenium.remote.service.DriverCommandExecutor.execute(DriverCommandExecutor.java:83)
	at org.openqa.selenium.remote.RemoteWebDriver.execute(RemoteWebDriver.java:552)
	at org.openqa.selenium.remote.RemoteWebDriver.perform(RemoteWebDriver.java:618)
	at org.openqa.selenium.interactions.Actions$BuiltAction.perform(Actions.java:639)
	at org.openqa.selenium.interactions.Actions.perform(Actions.java:595)
	at com.SeleniumExitTest.pages.LogoutPage.clickProfile(LogoutPage.java:26)
	at com.SeleniumExitTest.tests.LogoutTest.logout(LogoutTest.java:46)
	Suppressed: org.openqa.selenium.json.JsonException: Attempting to close incomplete json stream
Build info: version: &apos;3.141.59&apos;, revision: &apos;e82be7d358&apos;, time: &apos;2018-11-14T08:17:03&apos;
System info: host: &apos;ANUJSEWANI&apos;, ip: &apos;192.168.0.108&apos;, os.name: &apos;Windows 10&apos;, os.arch: &apos;amd64&apos;, os.version: &apos;10.0&apos;, java.version: &apos;11.0.1&apos;
Driver info: driver.version: RemoteWebDriver
		at org.openqa.selenium.json.JsonOutput.close(JsonOutput.java:279)
		at org.openqa.selenium.json.Json.toJson(Json.java:44)
		... 35 more
	at org.openqa.selenium.json.JsonOutput.convertUsingMethod(JsonOutput.java:328)
	... 47 more
Caused by: org.openqa.selenium.NoSuchElementException: no such element: Unable to locate element: {&quot;method&quot;:&quot;xpath&quot;,&quot;selector&quot;:&quot;/html[1]/body[1]/div[1]/div[1]/div[1]/div[1]/div[2]/div[3]/div[1]/div[1]/div[1]/div[1]&quot;}
  (Session info: chrome=97.0.4692.99)
For documentation on this error, please visit: https://www.seleniumhq.org/exceptions/no_such_element.html
Build info: version: &apos;3.141.59&apos;, revision: &apos;e82be7d358&apos;, time: &apos;2018-11-14T08:17:03&apos;
System info: host: &apos;ANUJSEWANI&apos;, ip: &apos;192.168.0.108&apos;, os.name: &apos;Windows 10&apos;, os.arch: &apos;amd64&apos;, os.version: &apos;10.0&apos;, java.version: &apos;11.0.1&apos;
Driver info: org.openqa.selenium.chrome.ChromeDriver
Capabilities {acceptInsecureCerts: false, browserName: chrome, browserVersion: 97.0.4692.99, chrome: {chromedriverVersion: 97.0.4692.71 (adefa7837d02a..., userDataDir: C:\Users\ANUJSE~1\AppData\L...}, goog:chromeOptions: {debuggerAddress: localhost:50854}, javascriptEnabled: true, networkConnectionEnabled: false, pageLoadStrategy: normal, platform: WINDOWS, platformName: WINDOWS, proxy: Proxy(), setWindowRect: true, strictFileInteractability: false, timeouts: {implicit: 0, pageLoad: 300000, script: 30000}, unhandledPromptBehavior: dismiss and notify, webauthn:extension:credBlob: true, webauthn:extension:largeBlob: true, webauthn:virtualAuthenticators: true}
Session ID: 0db7fb808141caa3f617437adb6c4b02
*** Element info: {Using=xpath, value=/html[1]/body[1]/div[1]/div[1]/div[1]/div[1]/div[2]/div[3]/div[1]/div[1]/div[1]/div[1]}
	at org.openqa.selenium.remote.http.W3CHttpResponseCodec.createException(W3CHttpResponseCodec.java:187)
	at org.openqa.selenium.remote.http.W3CHttpResponseCodec.decode(W3CHttpResponseCodec.java:122)
	at org.openqa.selenium.remote.http.W3CHttpResponseCodec.decode(W3CHttpResponseCodec.java:49)
	at org.openqa.selenium.remote.HttpCommandExecutor.execute(HttpCommandExecutor.java:158)
	at org.openqa.selenium.remote.service.DriverCommandExecutor.execute(DriverCommandExecutor.java:83)
	at org.openqa.selenium.remote.RemoteWebDriver.execute(RemoteWebDriver.java:552)
	at org.openqa.selenium.remote.RemoteWebDriver.findElement(RemoteWebDriver.java:323)
	at org.openqa.selenium.remote.RemoteWebDriver.findElementByXPath(RemoteWebDriver.java:428)
	at org.openqa.selenium.By$ByXPath.findElement(By.java:353)
	at org.openqa.selenium.remote.RemoteWebDriver.findElement(RemoteWebDriver.java:315)
	at org.openqa.selenium.support.pagefactory.DefaultElementLocator.findElement(DefaultElementLocator.java:69)
	at org.openqa.selenium.support.pagefactory.internal.LocatingElementHandler.invoke(LocatingElementHandler.java:38)
	at com.sun.proxy.$Proxy15.getWrappedElement(Unknown Source)
	at org.openqa.selenium.interactions.PointerInput$Origin.asArg(PointerInput.java:204)
	at org.openqa.selenium.interactions.PointerInput$Move.encode(PointerInput.java:155)
	at org.openqa.selenium.interactions.Sequence.encode(Sequence.java:75)
	at org.openqa.selenium.interactions.Sequence.toJson(Sequence.java:84)
	... 52 more
... Removed 34 stack frames</div></td></tr></table><p class="totop"><a href="#summary">back to summary</a></p>
<h3 id="m2">com.SeleniumExitTest.tests.LoginTest#emptyPassword</h3><table class="result"><tr><th>Exception</th></tr><tr><td><div class="stacktrace">org.testng.SkipException: Skipping this exception
	at com.SeleniumExitTest.utils.CommonUtils.toCheckExecutionRequired(CommonUtils.java:46)
	at com.SeleniumExitTest.tests.LoginTest.emptyPassword(LoginTest.java:234)
... Removed 25 stack frames</div></td></tr></table><p class="totop"><a href="#summary">back to summary</a></p>
<h3 id="m3">com.SeleniumExitTest.tests.LoginTest#emptyUsername</h3><table class="result"><tr><th>Exception</th></tr><tr><td><div class="stacktrace">org.testng.SkipException: Skipping this exception
	at com.SeleniumExitTest.utils.CommonUtils.toCheckExecutionRequired(CommonUtils.java:46)
	at com.SeleniumExitTest.tests.LoginTest.emptyUsername(LoginTest.java:197)
... Removed 25 stack frames</div></td></tr></table><p class="totop"><a href="#summary">back to summary</a></p>
<h3 id="m4">com.SeleniumExitTest.tests.LoginTest#emptyUsernameAndEmptyPassword</h3><table class="result"><tr><th>Exception</th></tr><tr><td><div class="stacktrace">org.testng.SkipException: Skipping this exception
	at com.SeleniumExitTest.utils.CommonUtils.toCheckExecutionRequired(CommonUtils.java:46)
	at com.SeleniumExitTest.tests.LoginTest.emptyUsernameAndEmptyPassword(LoginTest.java:160)
... Removed 25 stack frames</div></td></tr></table><p class="totop"><a href="#summary">back to summary</a></p>
<h3 id="m5">com.SeleniumExitTest.tests.AddToCartTest#AddProductToCart</h3><table class="result"><tr><th class="invisible"/></tr></table><p class="totop"><a href="#summary">back to summary</a></p>
<h3 id="m6">com.SeleniumExitTest.tests.AddToCartTest#RemoveProductFromCart</h3><table class="result"><tr><th class="invisible"/></tr></table><p class="totop"><a href="#summary">back to summary</a></p>
<h3 id="m7">com.SeleniumExitTest.tests.AddToCartTest#SaveForLater</h3><table class="result"><tr><th class="invisible"/></tr></table><p class="totop"><a href="#summary">back to summary</a></p>
<h3 id="m8">com.SeleniumExitTest.tests.HomeTest#flipkartCoupons</h3><table class="result"><tr><th class="invisible"/></tr></table><p class="totop"><a href="#summary">back to summary</a></p>
<h3 id="m9">com.SeleniumExitTest.tests.HomeTest#flipkartFilterType</h3><table class="result"><tr><th class="invisible"/></tr></table><p class="totop"><a href="#summary">back to summary</a></p>
<h3 id="m10">com.SeleniumExitTest.tests.HomeTest#flipkartLogo</h3><table class="result"><tr><th class="invisible"/></tr></table><p class="totop"><a href="#summary">back to summary</a></p>
<h3 id="m11">com.SeleniumExitTest.tests.HomeTest#flipkartNotifications</h3><table class="result"><tr><th class="invisible"/></tr></table><p class="totop"><a href="#summary">back to summary</a></p>
<h3 id="m12">com.SeleniumExitTest.tests.HomeTest#flipkartPlusZone</h3><table class="result"><tr><th class="invisible"/></tr></table><p class="totop"><a href="#summary">back to summary</a></p>
<h3 id="m13">com.SeleniumExitTest.tests.HomeTest#myOrders</h3><table class="result"><tr><th class="invisible"/></tr></table><p class="totop"><a href="#summary">back to summary</a></p>
<h3 id="m14">com.SeleniumExitTest.tests.HomeTest#productSearch</h3><table class="result"><tr><th class="invisible"/></tr></table><p class="totop"><a href="#summary">back to summary</a></p>
<h3 id="m15">com.SeleniumExitTest.tests.HomeTest#removeWishlistProduct</h3><table class="result"><tr><th class="invisible"/></tr></table><p class="totop"><a href="#summary">back to summary</a></p>
<h3 id="m16">com.SeleniumExitTest.tests.HomeTest#superCoin</h3><table class="result"><tr><th class="invisible"/></tr></table><p class="totop"><a href="#summary">back to summary</a></p>
<h3 id="m17">com.SeleniumExitTest.tests.HomeTest#wishlistProduct</h3><table class="result"><tr><th class="invisible"/></tr></table><p class="totop"><a href="#summary">back to summary</a></p>
<h3 id="m18">com.SeleniumExitTest.tests.LoginTest#invalidPassword</h3><table class="result"><tr><th class="invisible"/></tr></table><p class="totop"><a href="#summary">back to summary</a></p>
<h3 id="m19">com.SeleniumExitTest.tests.LoginTest#validLogin</h3><table class="result"><tr><th class="invisible"/></tr></table><p class="totop"><a href="#summary">back to summary</a></p>
</body>
</html>
