<!DOCTYPE html>

<html>
  <head>
  <meta charset='utf-8'>
  <title>TestNG reports</title>

    <link type="text/css" href="testng-reports.css" rel="stylesheet" />
    <script type="text/javascript" src="jquery-1.7.1.min.js"></script>
    <script type="text/javascript" src="testng-reports.js"></script>
    <script type="text/javascript" src="https://www.google.com/jsapi"></script>
    <script type='text/javascript'>
      google.load('visualization', '1', {packages:['table']});
      google.setOnLoadCallback(drawTable);
      var suiteTableInitFunctions = new Array();
      var suiteTableData = new Array();
    </script>
    <!--
      <script type="text/javascript" src="jquery-ui/js/jquery-ui-1.8.16.custom.min.js"></script>
     -->
  </head>

  <body>
    <div class="top-banner-root">
      <span class="top-banner-title-font">Test results</span>
      <br/>
      <span class="top-banner-font-1">1 suite, 2 failed tests</span>
    </div> <!-- top-banner-root -->
    <div class="navigator-root">
      <div class="navigator-suite-header">
        <span>All suites</span>
        <a href="#" title="Collapse/expand all the suites" class="collapse-all-link">
          <img src="collapseall.gif" class="collapse-all-icon">
          </img> <!-- collapse-all-icon -->
        </a> <!-- collapse-all-link -->
      </div> <!-- navigator-suite-header -->
      <div class="suite">
        <div class="rounded-window">
          <div class="suite-header light-rounded-window-top">
            <a href="#" panel-name="suite-Suite" class="navigator-link">
              <span class="suite-name border-failed">Suite</span>
            </a> <!-- navigator-link -->
          </div> <!-- suite-header light-rounded-window-top -->
          <div class="navigator-suite-content">
            <div class="suite-section-title">
              <span>Info</span>
            </div> <!-- suite-section-title -->
            <div class="suite-section-content">
              <ul>
                <li>
                  <a href="#" panel-name="test-xml-Suite" class="navigator-link ">
                    <span>C:\Users\anujsewani\eclipse-workspace\SeleniumExitTest\testng.xml</span>
                  </a> <!-- navigator-link  -->
                </li>
                <li>
                  <a href="#" panel-name="testlist-Suite" class="navigator-link ">
                    <span class="test-stats">1 test</span>
                  </a> <!-- navigator-link  -->
                </li>
                <li>
                  <a href="#" panel-name="group-Suite" class="navigator-link ">
                    <span>3 groups</span>
                  </a> <!-- navigator-link  -->
                </li>
                <li>
                  <a href="#" panel-name="times-Suite" class="navigator-link ">
                    <span>Times</span>
                  </a> <!-- navigator-link  -->
                </li>
                <li>
                  <a href="#" panel-name="reporter-Suite" class="navigator-link ">
                    <span>Reporter output</span>
                  </a> <!-- navigator-link  -->
                </li>
                <li>
                  <a href="#" panel-name="ignored-methods-Suite" class="navigator-link ">
                    <span>Ignored methods</span>
                  </a> <!-- navigator-link  -->
                </li>
                <li>
                  <a href="#" panel-name="chronological-Suite" class="navigator-link ">
                    <span>Chronological view</span>
                  </a> <!-- navigator-link  -->
                </li>
              </ul>
            </div> <!-- suite-section-content -->
            <div class="result-section">
              <div class="suite-section-title">
                <span>Results</span>
              </div> <!-- suite-section-title -->
              <div class="suite-section-content">
                <ul>
                  <li>
                    <span class="method-stats">20 methods, 2 failed,  3 skipped,  15 passed</span>
                  </li>
                  <li>
                    <span class="method-list-title failed">Failed methods</span>
                    <span class="show-or-hide-methods failed">
                      <a href="#" panel-name="suite-Suite" class="hide-methods failed suite-Suite"> (hide)</a> <!-- hide-methods failed suite-Suite -->
                      <a href="#" panel-name="suite-Suite" class="show-methods failed suite-Suite"> (show)</a> <!-- show-methods failed suite-Suite -->
                    </span>
                    <div class="method-list-content failed suite-Suite">
                      <span>
                        <img src="failed.png" width="3%"/>
                        <a href="#" panel-name="suite-Suite" title="com.SeleniumExitTest.tests.LoginTest" class="method navigator-link" hash-for-method="invalidUsername">invalidUsername</a> <!-- method navigator-link -->
                      </span>
                      <br/>
                      <span>
                        <img src="failed.png" width="3%"/>
                        <a href="#" panel-name="suite-Suite" title="com.SeleniumExitTest.tests.LogoutTest" class="method navigator-link" hash-for-method="logout">logout</a> <!-- method navigator-link -->
                      </span>
                      <br/>
                    </div> <!-- method-list-content failed suite-Suite -->
                  </li>
                  <li>
                    <span class="method-list-title skipped">Skipped methods</span>
                    <span class="show-or-hide-methods skipped">
                      <a href="#" panel-name="suite-Suite" class="hide-methods skipped suite-Suite"> (hide)</a> <!-- hide-methods skipped suite-Suite -->
                      <a href="#" panel-name="suite-Suite" class="show-methods skipped suite-Suite"> (show)</a> <!-- show-methods skipped suite-Suite -->
                    </span>
                    <div class="method-list-content skipped suite-Suite">
                      <span>
                        <img src="skipped.png" width="3%"/>
                        <a href="#" panel-name="suite-Suite" title="com.SeleniumExitTest.tests.LoginTest" class="method navigator-link" hash-for-method="emptyPassword">emptyPassword</a> <!-- method navigator-link -->
                      </span>
                      <br/>
                      <span>
                        <img src="skipped.png" width="3%"/>
                        <a href="#" panel-name="suite-Suite" title="com.SeleniumExitTest.tests.LoginTest" class="method navigator-link" hash-for-method="emptyUsername">emptyUsername</a> <!-- method navigator-link -->
                      </span>
                      <br/>
                      <span>
                        <img src="skipped.png" width="3%"/>
                        <a href="#" panel-name="suite-Suite" title="com.SeleniumExitTest.tests.LoginTest" class="method navigator-link" hash-for-method="emptyUsernameAndEmptyPassword">emptyUsernameAndEmptyPassword</a> <!-- method navigator-link -->
                      </span>
                      <br/>
                    </div> <!-- method-list-content skipped suite-Suite -->
                  </li>
                  <li>
                    <span class="method-list-title passed">Passed methods</span>
                    <span class="show-or-hide-methods passed">
                      <a href="#" panel-name="suite-Suite" class="hide-methods passed suite-Suite"> (hide)</a> <!-- hide-methods passed suite-Suite -->
                      <a href="#" panel-name="suite-Suite" class="show-methods passed suite-Suite"> (show)</a> <!-- show-methods passed suite-Suite -->
                    </span>
                    <div class="method-list-content passed suite-Suite">
                      <span>
                        <img src="passed.png" width="3%"/>
                        <a href="#" panel-name="suite-Suite" title="com.SeleniumExitTest.tests.AddToCartTest" class="method navigator-link" hash-for-method="AddProductToCart">AddProductToCart</a> <!-- method navigator-link -->
                      </span>
                      <br/>
                      <span>
                        <img src="passed.png" width="3%"/>
                        <a href="#" panel-name="suite-Suite" title="com.SeleniumExitTest.tests.AddToCartTest" class="method navigator-link" hash-for-method="RemoveProductFromCart">RemoveProductFromCart</a> <!-- method navigator-link -->
                      </span>
                      <br/>
                      <span>
                        <img src="passed.png" width="3%"/>
                        <a href="#" panel-name="suite-Suite" title="com.SeleniumExitTest.tests.AddToCartTest" class="method navigator-link" hash-for-method="SaveForLater">SaveForLater</a> <!-- method navigator-link -->
                      </span>
                      <br/>
                      <span>
                        <img src="passed.png" width="3%"/>
                        <a href="#" panel-name="suite-Suite" title="com.SeleniumExitTest.tests.HomeTest" class="method navigator-link" hash-for-method="flipkartCoupons">flipkartCoupons</a> <!-- method navigator-link -->
                      </span>
                      <br/>
                      <span>
                        <img src="passed.png" width="3%"/>
                        <a href="#" panel-name="suite-Suite" title="com.SeleniumExitTest.tests.HomeTest" class="method navigator-link" hash-for-method="flipkartFilterType">flipkartFilterType</a> <!-- method navigator-link -->
                      </span>
                      <br/>
                      <span>
                        <img src="passed.png" width="3%"/>
                        <a href="#" panel-name="suite-Suite" title="com.SeleniumExitTest.tests.HomeTest" class="method navigator-link" hash-for-method="flipkartLogo">flipkartLogo</a> <!-- method navigator-link -->
                      </span>
                      <br/>
                      <span>
                        <img src="passed.png" width="3%"/>
                        <a href="#" panel-name="suite-Suite" title="com.SeleniumExitTest.tests.HomeTest" class="method navigator-link" hash-for-method="flipkartNotifications">flipkartNotifications</a> <!-- method navigator-link -->
                      </span>
                      <br/>
                      <span>
                        <img src="passed.png" width="3%"/>
                        <a href="#" panel-name="suite-Suite" title="com.SeleniumExitTest.tests.HomeTest" class="method navigator-link" hash-for-method="flipkartPlusZone">flipkartPlusZone</a> <!-- method navigator-link -->
                      </span>
                      <br/>
                      <span>
                        <img src="passed.png" width="3%"/>
                        <a href="#" panel-name="suite-Suite" title="com.SeleniumExitTest.tests.LoginTest" class="method navigator-link" hash-for-method="invalidPassword">invalidPassword</a> <!-- method navigator-link -->
                      </span>
                      <br/>
                      <span>
                        <img src="passed.png" width="3%"/>
                        <a href="#" panel-name="suite-Suite" title="com.SeleniumExitTest.tests.HomeTest" class="method navigator-link" hash-for-method="myOrders">myOrders</a> <!-- method navigator-link -->
                      </span>
                      <br/>
                      <span>
                        <img src="passed.png" width="3%"/>
                        <a href="#" panel-name="suite-Suite" title="com.SeleniumExitTest.tests.HomeTest" class="method navigator-link" hash-for-method="productSearch">productSearch</a> <!-- method navigator-link -->
                      </span>
                      <br/>
                      <span>
                        <img src="passed.png" width="3%"/>
                        <a href="#" panel-name="suite-Suite" title="com.SeleniumExitTest.tests.HomeTest" class="method navigator-link" hash-for-method="removeWishlistProduct">removeWishlistProduct</a> <!-- method navigator-link -->
                      </span>
                      <br/>
                      <span>
                        <img src="passed.png" width="3%"/>
                        <a href="#" panel-name="suite-Suite" title="com.SeleniumExitTest.tests.HomeTest" class="method navigator-link" hash-for-method="superCoin">superCoin</a> <!-- method navigator-link -->
                      </span>
                      <br/>
                      <span>
                        <img src="passed.png" width="3%"/>
                        <a href="#" panel-name="suite-Suite" title="com.SeleniumExitTest.tests.LoginTest" class="method navigator-link" hash-for-method="validLogin">validLogin</a> <!-- method navigator-link -->
                      </span>
                      <br/>
                      <span>
                        <img src="passed.png" width="3%"/>
                        <a href="#" panel-name="suite-Suite" title="com.SeleniumExitTest.tests.HomeTest" class="method navigator-link" hash-for-method="wishlistProduct">wishlistProduct</a> <!-- method navigator-link -->
                      </span>
                      <br/>
                    </div> <!-- method-list-content passed suite-Suite -->
                  </li>
                </ul>
              </div> <!-- suite-section-content -->
            </div> <!-- result-section -->
          </div> <!-- navigator-suite-content -->
        </div> <!-- rounded-window -->
      </div> <!-- suite -->
    </div> <!-- navigator-root -->
    <div class="wrapper">
      <div class="main-panel-root">
        <div panel-name="suite-Suite" class="panel Suite">
          <div class="suite-Suite-class-failed">
            <div class="main-panel-header rounded-window-top">
              <img src="failed.png"/>
              <span class="class-name">com.SeleniumExitTest.tests.LogoutTest</span>
            </div> <!-- main-panel-header rounded-window-top -->
            <div class="main-panel-content rounded-window-bottom">
              <div class="method">
                <div class="method-content">
                  <a name="logout">
                  </a> <!-- logout -->
                  <span class="method-name">logout</span>
                  <div class="stack-trace">org.openqa.selenium.json.JsonException: java.lang.reflect.InvocationTargetException
Build info: version: &apos;3.141.59&apos;, revision: &apos;e82be7d358&apos;, time: &apos;2018-11-14T08:17:03&apos;
System info: host: &apos;ANUJSEWANI&apos;, ip: &apos;192.168.0.108&apos;, os.name: &apos;Windows 10&apos;, os.arch: &apos;amd64&apos;, os.version: &apos;10.0&apos;, java.version: &apos;11.0.1&apos;
Driver info: driver.version: RemoteWebDriver
	at org.openqa.selenium.json.JsonOutput.convertUsingMethod(JsonOutput.java:332)
	at org.openqa.selenium.json.JsonOutput.lambda$new$16(JsonOutput.java:155)
	at org.openqa.selenium.json.JsonOutput.write(JsonOutput.java:264)
	at org.openqa.selenium.json.JsonOutput.lambda$null$21(JsonOutput.java:168)
	at java.base/java.util.LinkedHashMap$LinkedValues.forEach(LinkedHashMap.java:608)
	at org.openqa.selenium.json.JsonOutput.lambda$new$22(JsonOutput.java:168)
	at org.openqa.selenium.json.JsonOutput.write(JsonOutput.java:264)
	at org.openqa.selenium.json.JsonOutput.lambda$null$23(JsonOutput.java:177)
	at com.google.common.collect.SingletonImmutableBiMap.forEach(SingletonImmutableBiMap.java:65)
	at org.openqa.selenium.json.JsonOutput.lambda$new$24(JsonOutput.java:176)
	at org.openqa.selenium.json.JsonOutput.write(JsonOutput.java:264)
	at org.openqa.selenium.json.JsonOutput.write(JsonOutput.java:255)
	at org.openqa.selenium.json.Json.toJson(Json.java:42)
	at org.openqa.selenium.remote.http.AbstractHttpCommandCodec.encode(AbstractHttpCommandCodec.java:227)
	at org.openqa.selenium.remote.http.AbstractHttpCommandCodec.encode(AbstractHttpCommandCodec.java:117)
	at org.openqa.selenium.remote.HttpCommandExecutor.execute(HttpCommandExecutor.java:152)
	at org.openqa.selenium.remote.service.DriverCommandExecutor.execute(DriverCommandExecutor.java:83)
	at org.openqa.selenium.remote.RemoteWebDriver.execute(RemoteWebDriver.java:552)
	at org.openqa.selenium.remote.RemoteWebDriver.perform(RemoteWebDriver.java:618)
	at org.openqa.selenium.interactions.Actions$BuiltAction.perform(Actions.java:639)
	at org.openqa.selenium.interactions.Actions.perform(Actions.java:595)
	at com.SeleniumExitTest.pages.LogoutPage.clickProfile(LogoutPage.java:26)
	at com.SeleniumExitTest.tests.LogoutTest.logout(LogoutTest.java:46)
	Suppressed: org.openqa.selenium.json.JsonException: Attempting to close incomplete json stream
Build info: version: &apos;3.141.59&apos;, revision: &apos;e82be7d358&apos;, time: &apos;2018-11-14T08:17:03&apos;
System info: host: &apos;ANUJSEWANI&apos;, ip: &apos;192.168.0.108&apos;, os.name: &apos;Windows 10&apos;, os.arch: &apos;amd64&apos;, os.version: &apos;10.0&apos;, java.version: &apos;11.0.1&apos;
Driver info: driver.version: RemoteWebDriver
		at org.openqa.selenium.json.JsonOutput.close(JsonOutput.java:279)
		at org.openqa.selenium.json.Json.toJson(Json.java:44)
		... 35 more
	at org.openqa.selenium.json.JsonOutput.convertUsingMethod(JsonOutput.java:328)
	... 47 more
Caused by: org.openqa.selenium.NoSuchElementException: no such element: Unable to locate element: {&quot;method&quot;:&quot;xpath&quot;,&quot;selector&quot;:&quot;/html[1]/body[1]/div[1]/div[1]/div[1]/div[1]/div[2]/div[3]/div[1]/div[1]/div[1]/div[1]&quot;}
  (Session info: chrome=97.0.4692.99)
For documentation on this error, please visit: https://www.seleniumhq.org/exceptions/no_such_element.html
Build info: version: &apos;3.141.59&apos;, revision: &apos;e82be7d358&apos;, time: &apos;2018-11-14T08:17:03&apos;
System info: host: &apos;ANUJSEWANI&apos;, ip: &apos;192.168.0.108&apos;, os.name: &apos;Windows 10&apos;, os.arch: &apos;amd64&apos;, os.version: &apos;10.0&apos;, java.version: &apos;11.0.1&apos;
Driver info: org.openqa.selenium.chrome.ChromeDriver
Capabilities {acceptInsecureCerts: false, browserName: chrome, browserVersion: 97.0.4692.99, chrome: {chromedriverVersion: 97.0.4692.71 (adefa7837d02a..., userDataDir: C:\Users\ANUJSE~1\AppData\L...}, goog:chromeOptions: {debuggerAddress: localhost:50854}, javascriptEnabled: true, networkConnectionEnabled: false, pageLoadStrategy: normal, platform: WINDOWS, platformName: WINDOWS, proxy: Proxy(), setWindowRect: true, strictFileInteractability: false, timeouts: {implicit: 0, pageLoad: 300000, script: 30000}, unhandledPromptBehavior: dismiss and notify, webauthn:extension:credBlob: true, webauthn:extension:largeBlob: true, webauthn:virtualAuthenticators: true}
Session ID: 0db7fb808141caa3f617437adb6c4b02
*** Element info: {Using=xpath, value=/html[1]/body[1]/div[1]/div[1]/div[1]/div[1]/div[2]/div[3]/div[1]/div[1]/div[1]/div[1]}
	at org.openqa.selenium.remote.http.W3CHttpResponseCodec.createException(W3CHttpResponseCodec.java:187)
	at org.openqa.selenium.remote.http.W3CHttpResponseCodec.decode(W3CHttpResponseCodec.java:122)
	at org.openqa.selenium.remote.http.W3CHttpResponseCodec.decode(W3CHttpResponseCodec.java:49)
	at org.openqa.selenium.remote.HttpCommandExecutor.execute(HttpCommandExecutor.java:158)
	at org.openqa.selenium.remote.service.DriverCommandExecutor.execute(DriverCommandExecutor.java:83)
	at org.openqa.selenium.remote.RemoteWebDriver.execute(RemoteWebDriver.java:552)
	at org.openqa.selenium.remote.RemoteWebDriver.findElement(RemoteWebDriver.java:323)
	at org.openqa.selenium.remote.RemoteWebDriver.findElementByXPath(RemoteWebDriver.java:428)
	at org.openqa.selenium.By$ByXPath.findElement(By.java:353)
	at org.openqa.selenium.remote.RemoteWebDriver.findElement(RemoteWebDriver.java:315)
	at org.openqa.selenium.support.pagefactory.DefaultElementLocator.findElement(DefaultElementLocator.java:69)
	at org.openqa.selenium.support.pagefactory.internal.LocatingElementHandler.invoke(LocatingElementHandler.java:38)
	at com.sun.proxy.$Proxy15.getWrappedElement(Unknown Source)
	at org.openqa.selenium.interactions.PointerInput$Origin.asArg(PointerInput.java:204)
	at org.openqa.selenium.interactions.PointerInput$Move.encode(PointerInput.java:155)
	at org.openqa.selenium.interactions.Sequence.encode(Sequence.java:75)
	at org.openqa.selenium.interactions.Sequence.toJson(Sequence.java:84)
	... 52 more
... Removed 34 stack frames
</div> <!-- stack-trace -->
                </div> <!-- method-content -->
              </div> <!-- method -->
            </div> <!-- main-panel-content rounded-window-bottom -->
          </div> <!-- suite-Suite-class-failed -->
          <div class="suite-Suite-class-failed">
            <div class="main-panel-header rounded-window-top">
              <img src="failed.png"/>
              <span class="class-name">com.SeleniumExitTest.tests.LoginTest</span>
            </div> <!-- main-panel-header rounded-window-top -->
            <div class="main-panel-content rounded-window-bottom">
              <div class="method">
                <div class="method-content">
                  <a name="invalidUsername">
                  </a> <!-- invalidUsername -->
                  <span class="method-name">invalidUsername</span>
                  <div class="stack-trace">org.openqa.selenium.NoSuchElementException: no such element: Unable to locate element: {&quot;method&quot;:&quot;xpath&quot;,&quot;selector&quot;:&quot;html[1]/body[1]/div[2]/div[1]/div[1]/div[1]/div[1]/div[2]/div[1]/form[1]/div[1]/span[3]/span[1]&quot;}
  (Session info: chrome=97.0.4692.99)
For documentation on this error, please visit: https://www.seleniumhq.org/exceptions/no_such_element.html
Build info: version: &apos;3.141.59&apos;, revision: &apos;e82be7d358&apos;, time: &apos;2018-11-14T08:17:03&apos;
System info: host: &apos;ANUJSEWANI&apos;, ip: &apos;192.168.0.108&apos;, os.name: &apos;Windows 10&apos;, os.arch: &apos;amd64&apos;, os.version: &apos;10.0&apos;, java.version: &apos;11.0.1&apos;
Driver info: org.openqa.selenium.chrome.ChromeDriver
Capabilities {acceptInsecureCerts: false, browserName: chrome, browserVersion: 97.0.4692.99, chrome: {chromedriverVersion: 97.0.4692.71 (adefa7837d02a..., userDataDir: C:\Users\ANUJSE~1\AppData\L...}, goog:chromeOptions: {debuggerAddress: localhost:50949}, javascriptEnabled: true, networkConnectionEnabled: false, pageLoadStrategy: normal, platform: WINDOWS, platformName: WINDOWS, proxy: Proxy(), setWindowRect: true, strictFileInteractability: false, timeouts: {implicit: 0, pageLoad: 300000, script: 30000}, unhandledPromptBehavior: dismiss and notify, webauthn:extension:credBlob: true, webauthn:extension:largeBlob: true, webauthn:virtualAuthenticators: true}
Session ID: a6a8c4301a5b5e89d141f9893fe399cc
*** Element info: {Using=xpath, value=html[1]/body[1]/div[2]/div[1]/div[1]/div[1]/div[1]/div[2]/div[1]/form[1]/div[1]/span[3]/span[1]}
	at org.openqa.selenium.remote.http.W3CHttpResponseCodec.createException(W3CHttpResponseCodec.java:187)
	at org.openqa.selenium.remote.http.W3CHttpResponseCodec.decode(W3CHttpResponseCodec.java:122)
	at org.openqa.selenium.remote.http.W3CHttpResponseCodec.decode(W3CHttpResponseCodec.java:49)
	at org.openqa.selenium.remote.HttpCommandExecutor.execute(HttpCommandExecutor.java:158)
	at org.openqa.selenium.remote.service.DriverCommandExecutor.execute(DriverCommandExecutor.java:83)
	at org.openqa.selenium.remote.RemoteWebDriver.execute(RemoteWebDriver.java:552)
	at org.openqa.selenium.remote.RemoteWebDriver.findElement(RemoteWebDriver.java:323)
	at org.openqa.selenium.remote.RemoteWebDriver.findElementByXPath(RemoteWebDriver.java:428)
	at org.openqa.selenium.By$ByXPath.findElement(By.java:353)
	at org.openqa.selenium.remote.RemoteWebDriver.findElement(RemoteWebDriver.java:315)
	at org.openqa.selenium.support.pagefactory.DefaultElementLocator.findElement(DefaultElementLocator.java:69)
	at org.openqa.selenium.support.pagefactory.internal.LocatingElementHandler.invoke(LocatingElementHandler.java:38)
	at com.sun.proxy.$Proxy15.getText(Unknown Source)
	at com.SeleniumExitTest.tests.LoginTest.invalidUsername(LoginTest.java:93)
... Removed 29 stack frames
</div> <!-- stack-trace -->
                </div> <!-- method-content -->
              </div> <!-- method -->
            </div> <!-- main-panel-content rounded-window-bottom -->
          </div> <!-- suite-Suite-class-failed -->
          <div class="suite-Suite-class-skipped">
            <div class="main-panel-header rounded-window-top">
              <img src="skipped.png"/>
              <span class="class-name">com.SeleniumExitTest.tests.LoginTest</span>
            </div> <!-- main-panel-header rounded-window-top -->
            <div class="main-panel-content rounded-window-bottom">
              <div class="method">
                <div class="method-content">
                  <a name="emptyPassword">
                  </a> <!-- emptyPassword -->
                  <span class="method-name">emptyPassword</span>
                  <div class="stack-trace">org.testng.SkipException: Skipping this exception
	at com.SeleniumExitTest.utils.CommonUtils.toCheckExecutionRequired(CommonUtils.java:46)
	at com.SeleniumExitTest.tests.LoginTest.emptyPassword(LoginTest.java:234)
... Removed 25 stack frames
</div> <!-- stack-trace -->
                </div> <!-- method-content -->
              </div> <!-- method -->
              <div class="method">
                <div class="method-content">
                  <a name="emptyUsername">
                  </a> <!-- emptyUsername -->
                  <span class="method-name">emptyUsername</span>
                  <div class="stack-trace">org.testng.SkipException: Skipping this exception
	at com.SeleniumExitTest.utils.CommonUtils.toCheckExecutionRequired(CommonUtils.java:46)
	at com.SeleniumExitTest.tests.LoginTest.emptyUsername(LoginTest.java:197)
... Removed 25 stack frames
</div> <!-- stack-trace -->
                </div> <!-- method-content -->
              </div> <!-- method -->
              <div class="method">
                <div class="method-content">
                  <a name="emptyUsernameAndEmptyPassword">
                  </a> <!-- emptyUsernameAndEmptyPassword -->
                  <span class="method-name">emptyUsernameAndEmptyPassword</span>
                  <div class="stack-trace">org.testng.SkipException: Skipping this exception
	at com.SeleniumExitTest.utils.CommonUtils.toCheckExecutionRequired(CommonUtils.java:46)
	at com.SeleniumExitTest.tests.LoginTest.emptyUsernameAndEmptyPassword(LoginTest.java:160)
... Removed 25 stack frames
</div> <!-- stack-trace -->
                </div> <!-- method-content -->
              </div> <!-- method -->
            </div> <!-- main-panel-content rounded-window-bottom -->
          </div> <!-- suite-Suite-class-skipped -->
          <div class="suite-Suite-class-passed">
            <div class="main-panel-header rounded-window-top">
              <img src="passed.png"/>
              <span class="class-name">com.SeleniumExitTest.tests.HomeTest</span>
            </div> <!-- main-panel-header rounded-window-top -->
            <div class="main-panel-content rounded-window-bottom">
              <div class="method">
                <div class="method-content">
                  <a name="flipkartCoupons">
                  </a> <!-- flipkartCoupons -->
                  <span class="method-name">flipkartCoupons</span>
                </div> <!-- method-content -->
              </div> <!-- method -->
              <div class="method">
                <div class="method-content">
                  <a name="flipkartFilterType">
                  </a> <!-- flipkartFilterType -->
                  <span class="method-name">flipkartFilterType</span>
                </div> <!-- method-content -->
              </div> <!-- method -->
              <div class="method">
                <div class="method-content">
                  <a name="flipkartLogo">
                  </a> <!-- flipkartLogo -->
                  <span class="method-name">flipkartLogo</span>
                </div> <!-- method-content -->
              </div> <!-- method -->
              <div class="method">
                <div class="method-content">
                  <a name="flipkartNotifications">
                  </a> <!-- flipkartNotifications -->
                  <span class="method-name">flipkartNotifications</span>
                </div> <!-- method-content -->
              </div> <!-- method -->
              <div class="method">
                <div class="method-content">
                  <a name="flipkartPlusZone">
                  </a> <!-- flipkartPlusZone -->
                  <span class="method-name">flipkartPlusZone</span>
                </div> <!-- method-content -->
              </div> <!-- method -->
              <div class="method">
                <div class="method-content">
                  <a name="myOrders">
                  </a> <!-- myOrders -->
                  <span class="method-name">myOrders</span>
                </div> <!-- method-content -->
              </div> <!-- method -->
              <div class="method">
                <div class="method-content">
                  <a name="productSearch">
                  </a> <!-- productSearch -->
                  <span class="method-name">productSearch</span>
                </div> <!-- method-content -->
              </div> <!-- method -->
              <div class="method">
                <div class="method-content">
                  <a name="removeWishlistProduct">
                  </a> <!-- removeWishlistProduct -->
                  <span class="method-name">removeWishlistProduct</span>
                </div> <!-- method-content -->
              </div> <!-- method -->
              <div class="method">
                <div class="method-content">
                  <a name="superCoin">
                  </a> <!-- superCoin -->
                  <span class="method-name">superCoin</span>
                </div> <!-- method-content -->
              </div> <!-- method -->
              <div class="method">
                <div class="method-content">
                  <a name="wishlistProduct">
                  </a> <!-- wishlistProduct -->
                  <span class="method-name">wishlistProduct</span>
                </div> <!-- method-content -->
              </div> <!-- method -->
            </div> <!-- main-panel-content rounded-window-bottom -->
          </div> <!-- suite-Suite-class-passed -->
          <div class="suite-Suite-class-passed">
            <div class="main-panel-header rounded-window-top">
              <img src="passed.png"/>
              <span class="class-name">com.SeleniumExitTest.tests.AddToCartTest</span>
            </div> <!-- main-panel-header rounded-window-top -->
            <div class="main-panel-content rounded-window-bottom">
              <div class="method">
                <div class="method-content">
                  <a name="AddProductToCart">
                  </a> <!-- AddProductToCart -->
                  <span class="method-name">AddProductToCart</span>
                </div> <!-- method-content -->
              </div> <!-- method -->
              <div class="method">
                <div class="method-content">
                  <a name="RemoveProductFromCart">
                  </a> <!-- RemoveProductFromCart -->
                  <span class="method-name">RemoveProductFromCart</span>
                </div> <!-- method-content -->
              </div> <!-- method -->
              <div class="method">
                <div class="method-content">
                  <a name="SaveForLater">
                  </a> <!-- SaveForLater -->
                  <span class="method-name">SaveForLater</span>
                </div> <!-- method-content -->
              </div> <!-- method -->
            </div> <!-- main-panel-content rounded-window-bottom -->
          </div> <!-- suite-Suite-class-passed -->
          <div class="suite-Suite-class-passed">
            <div class="main-panel-header rounded-window-top">
              <img src="passed.png"/>
              <span class="class-name">com.SeleniumExitTest.tests.LoginTest</span>
            </div> <!-- main-panel-header rounded-window-top -->
            <div class="main-panel-content rounded-window-bottom">
              <div class="method">
                <div class="method-content">
                  <a name="invalidPassword">
                  </a> <!-- invalidPassword -->
                  <span class="method-name">invalidPassword</span>
                </div> <!-- method-content -->
              </div> <!-- method -->
              <div class="method">
                <div class="method-content">
                  <a name="validLogin">
                  </a> <!-- validLogin -->
                  <span class="method-name">validLogin</span>
                </div> <!-- method-content -->
              </div> <!-- method -->
            </div> <!-- main-panel-content rounded-window-bottom -->
          </div> <!-- suite-Suite-class-passed -->
        </div> <!-- panel Suite -->
        <div panel-name="test-xml-Suite" class="panel">
          <div class="main-panel-header rounded-window-top">
            <span class="header-content">C:\Users\anujsewani\eclipse-workspace\SeleniumExitTest\testng.xml</span>
          </div> <!-- main-panel-header rounded-window-top -->
          <div class="main-panel-content rounded-window-bottom">
            <pre>
&lt;?xml version=&quot;1.0&quot; encoding=&quot;UTF-8&quot;?&gt;
&lt;!DOCTYPE suite SYSTEM &quot;http://testng.org/testng-1.0.dtd&quot;&gt;
&lt;suite name=&quot;Suite&quot; guice-stage=&quot;DEVELOPMENT&quot;&gt;
  &lt;test thread-count=&quot;5&quot; name=&quot;Test&quot;&gt;
    &lt;groups&gt;
      &lt;run&gt;
        &lt;include name=&quot;validLogin&quot;/&gt;
        &lt;include name=&quot;invalidLogin&quot;/&gt;
      &lt;/run&gt;
    &lt;/groups&gt;
    &lt;classes&gt;
      &lt;class name=&quot;com.SeleniumExitTest.tests.LogoutTest&quot;/&gt;
      &lt;class name=&quot;com.SeleniumExitTest.tests.LoginTest&quot;/&gt;
      &lt;class name=&quot;com.SeleniumExitTest.tests.HomeTest&quot;/&gt;
      &lt;class name=&quot;com.SeleniumExitTest.tests.AddToCartTest&quot;/&gt;
    &lt;/classes&gt;
  &lt;/test&gt; &lt;!-- Test --&gt;
&lt;/suite&gt; &lt;!-- Suite --&gt;
            </pre>
          </div> <!-- main-panel-content rounded-window-bottom -->
        </div> <!-- panel -->
        <div panel-name="testlist-Suite" class="panel">
          <div class="main-panel-header rounded-window-top">
            <span class="header-content">Tests for Suite</span>
          </div> <!-- main-panel-header rounded-window-top -->
          <div class="main-panel-content rounded-window-bottom">
            <ul>
              <li>
                <span class="test-name">Test (4 classes)</span>
              </li>
            </ul>
          </div> <!-- main-panel-content rounded-window-bottom -->
        </div> <!-- panel -->
        <div panel-name="group-Suite" class="panel">
          <div class="main-panel-header rounded-window-top">
            <span class="header-content">Groups for Suite</span>
          </div> <!-- main-panel-header rounded-window-top -->
          <div class="main-panel-content rounded-window-bottom">
            <div class="test-group">
              <span class="test-group-name">abc</span>
              <br/>
              <div class="method-in-group">
                <span class="method-in-group-name">myOrders</span>
                <br/>
              </div> <!-- method-in-group -->
              <div class="method-in-group">
                <span class="method-in-group-name">superCoin</span>
                <br/>
              </div> <!-- method-in-group -->
            </div> <!-- test-group -->
            <div class="test-group">
              <span class="test-group-name">invalidLogin</span>
              <br/>
              <div class="method-in-group">
                <span class="method-in-group-name">emptyPassword</span>
                <br/>
              </div> <!-- method-in-group -->
              <div class="method-in-group">
                <span class="method-in-group-name">emptyUsername</span>
                <br/>
              </div> <!-- method-in-group -->
              <div class="method-in-group">
                <span class="method-in-group-name">emptyUsernameAndEmptyPassword</span>
                <br/>
              </div> <!-- method-in-group -->
              <div class="method-in-group">
                <span class="method-in-group-name">invalidPassword</span>
                <br/>
              </div> <!-- method-in-group -->
              <div class="method-in-group">
                <span class="method-in-group-name">invalidUsername</span>
                <br/>
              </div> <!-- method-in-group -->
            </div> <!-- test-group -->
            <div class="test-group">
              <span class="test-group-name">validLogin</span>
              <br/>
              <div class="method-in-group">
                <span class="method-in-group-name">AddProductToCart</span>
                <br/>
              </div> <!-- method-in-group -->
              <div class="method-in-group">
                <span class="method-in-group-name">RemoveProductFromCart</span>
                <br/>
              </div> <!-- method-in-group -->
              <div class="method-in-group">
                <span class="method-in-group-name">SaveForLater</span>
                <br/>
              </div> <!-- method-in-group -->
              <div class="method-in-group">
                <span class="method-in-group-name">flipkartCoupons</span>
                <br/>
              </div> <!-- method-in-group -->
              <div class="method-in-group">
                <span class="method-in-group-name">flipkartFilterType</span>
                <br/>
              </div> <!-- method-in-group -->
              <div class="method-in-group">
                <span class="method-in-group-name">flipkartLogo</span>
                <br/>
              </div> <!-- method-in-group -->
              <div class="method-in-group">
                <span class="method-in-group-name">flipkartNotifications</span>
                <br/>
              </div> <!-- method-in-group -->
              <div class="method-in-group">
                <span class="method-in-group-name">flipkartPlusZone</span>
                <br/>
              </div> <!-- method-in-group -->
              <div class="method-in-group">
                <span class="method-in-group-name">logout</span>
                <br/>
              </div> <!-- method-in-group -->
              <div class="method-in-group">
                <span class="method-in-group-name">myOrders</span>
                <br/>
              </div> <!-- method-in-group -->
              <div class="method-in-group">
                <span class="method-in-group-name">productSearch</span>
                <br/>
              </div> <!-- method-in-group -->
              <div class="method-in-group">
                <span class="method-in-group-name">removeWishlistProduct</span>
                <br/>
              </div> <!-- method-in-group -->
              <div class="method-in-group">
                <span class="method-in-group-name">superCoin</span>
                <br/>
              </div> <!-- method-in-group -->
              <div class="method-in-group">
                <span class="method-in-group-name">validLogin</span>
                <br/>
              </div> <!-- method-in-group -->
              <div class="method-in-group">
                <span class="method-in-group-name">wishlistProduct</span>
                <br/>
              </div> <!-- method-in-group -->
            </div> <!-- test-group -->
          </div> <!-- main-panel-content rounded-window-bottom -->
        </div> <!-- panel -->
        <div panel-name="times-Suite" class="panel">
          <div class="main-panel-header rounded-window-top">
            <span class="header-content">Times for Suite</span>
          </div> <!-- main-panel-header rounded-window-top -->
          <div class="main-panel-content rounded-window-bottom">
            <div class="times-div">
              <script type="text/javascript">
suiteTableInitFunctions.push('tableData_Suite');
function tableData_Suite() {
var data = new google.visualization.DataTable();
data.addColumn('number', 'Number');
data.addColumn('string', 'Method');
data.addColumn('string', 'Class');
data.addColumn('number', 'Time (ms)');
data.addRows(20);
data.setCell(0, 0, 0)
data.setCell(0, 1, 'RemoveProductFromCart')
data.setCell(0, 2, 'com.SeleniumExitTest.tests.AddToCartTest')
data.setCell(0, 3, 45264);
data.setCell(1, 0, 1)
data.setCell(1, 1, 'SaveForLater')
data.setCell(1, 2, 'com.SeleniumExitTest.tests.AddToCartTest')
data.setCell(1, 3, 41794);
data.setCell(2, 0, 2)
data.setCell(2, 1, 'AddProductToCart')
data.setCell(2, 2, 'com.SeleniumExitTest.tests.AddToCartTest')
data.setCell(2, 3, 36740);
data.setCell(3, 0, 3)
data.setCell(3, 1, 'wishlistProduct')
data.setCell(3, 2, 'com.SeleniumExitTest.tests.HomeTest')
data.setCell(3, 3, 34529);
data.setCell(4, 0, 4)
data.setCell(4, 1, 'flipkartPlusZone')
data.setCell(4, 2, 'com.SeleniumExitTest.tests.HomeTest')
data.setCell(4, 3, 31468);
data.setCell(5, 0, 5)
data.setCell(5, 1, 'flipkartFilterType')
data.setCell(5, 2, 'com.SeleniumExitTest.tests.HomeTest')
data.setCell(5, 3, 31377);
data.setCell(6, 0, 6)
data.setCell(6, 1, 'superCoin')
data.setCell(6, 2, 'com.SeleniumExitTest.tests.HomeTest')
data.setCell(6, 3, 27171);
data.setCell(7, 0, 7)
data.setCell(7, 1, 'flipkartLogo')
data.setCell(7, 2, 'com.SeleniumExitTest.tests.HomeTest')
data.setCell(7, 3, 26979);
data.setCell(8, 0, 8)
data.setCell(8, 1, 'flipkartNotifications')
data.setCell(8, 2, 'com.SeleniumExitTest.tests.HomeTest')
data.setCell(8, 3, 23426);
data.setCell(9, 0, 9)
data.setCell(9, 1, 'productSearch')
data.setCell(9, 2, 'com.SeleniumExitTest.tests.HomeTest')
data.setCell(9, 3, 23244);
data.setCell(10, 0, 10)
data.setCell(10, 1, 'flipkartCoupons')
data.setCell(10, 2, 'com.SeleniumExitTest.tests.HomeTest')
data.setCell(10, 3, 22566);
data.setCell(11, 0, 11)
data.setCell(11, 1, 'myOrders')
data.setCell(11, 2, 'com.SeleniumExitTest.tests.HomeTest')
data.setCell(11, 3, 17325);
data.setCell(12, 0, 12)
data.setCell(12, 1, 'removeWishlistProduct')
data.setCell(12, 2, 'com.SeleniumExitTest.tests.HomeTest')
data.setCell(12, 3, 14576);
data.setCell(13, 0, 13)
data.setCell(13, 1, 'logout')
data.setCell(13, 2, 'com.SeleniumExitTest.tests.LogoutTest')
data.setCell(13, 3, 10264);
data.setCell(14, 0, 14)
data.setCell(14, 1, 'invalidPassword')
data.setCell(14, 2, 'com.SeleniumExitTest.tests.LoginTest')
data.setCell(14, 3, 6683);
data.setCell(15, 0, 15)
data.setCell(15, 1, 'invalidUsername')
data.setCell(15, 2, 'com.SeleniumExitTest.tests.LoginTest')
data.setCell(15, 3, 4277);
data.setCell(16, 0, 16)
data.setCell(16, 1, 'validLogin')
data.setCell(16, 2, 'com.SeleniumExitTest.tests.LoginTest')
data.setCell(16, 3, 3071);
data.setCell(17, 0, 17)
data.setCell(17, 1, 'emptyUsernameAndEmptyPassword')
data.setCell(17, 2, 'com.SeleniumExitTest.tests.LoginTest')
data.setCell(17, 3, 13);
data.setCell(18, 0, 18)
data.setCell(18, 1, 'emptyPassword')
data.setCell(18, 2, 'com.SeleniumExitTest.tests.LoginTest')
data.setCell(18, 3, 12);
data.setCell(19, 0, 19)
data.setCell(19, 1, 'emptyUsername')
data.setCell(19, 2, 'com.SeleniumExitTest.tests.LoginTest')
data.setCell(19, 3, 8);
window.suiteTableData['Suite']= { tableData: data, tableDiv: 'times-div-Suite'}
return data;
}
              </script>
              <span class="suite-total-time">Total running time: 6 minutes</span>
              <div id="times-div-Suite">
              </div> <!-- times-div-Suite -->
            </div> <!-- times-div -->
          </div> <!-- main-panel-content rounded-window-bottom -->
        </div> <!-- panel -->
        <div panel-name="reporter-Suite" class="panel">
          <div class="main-panel-header rounded-window-top">
            <span class="header-content">Reporter output for Suite</span>
          </div> <!-- main-panel-header rounded-window-top -->
          <div class="main-panel-content rounded-window-bottom">
          </div> <!-- main-panel-content rounded-window-bottom -->
        </div> <!-- panel -->
        <div panel-name="ignored-methods-Suite" class="panel">
          <div class="main-panel-header rounded-window-top">
            <span class="header-content">6 ignored methods</span>
          </div> <!-- main-panel-header rounded-window-top -->
          <div class="main-panel-content rounded-window-bottom">
            <div class="ignored-class-div">
              <span class="ignored-class-name">com.SeleniumExitTest.tests.HomeTest</span>
              <div class="ignored-methods-div">
                <span class="ignored-method-name">endReport</span>
                <br/>
                <span class="ignored-method-name">setExtent</span>
                <br/>
              </div> <!-- ignored-methods-div -->
            </div> <!-- ignored-class-div -->
            <div class="ignored-class-div">
              <span class="ignored-class-name">com.SeleniumExitTest.tests.AddToCartTest</span>
              <div class="ignored-methods-div">
                <span class="ignored-method-name">endReport</span>
                <br/>
                <span class="ignored-method-name">setExtent</span>
                <br/>
              </div> <!-- ignored-methods-div -->
            </div> <!-- ignored-class-div -->
            <div class="ignored-class-div">
              <span class="ignored-class-name">com.SeleniumExitTest.tests.LoginTest</span>
              <div class="ignored-methods-div">
                <span class="ignored-method-name">endReport</span>
                <br/>
                <span class="ignored-method-name">setExtent</span>
                <br/>
              </div> <!-- ignored-methods-div -->
            </div> <!-- ignored-class-div -->
          </div> <!-- main-panel-content rounded-window-bottom -->
        </div> <!-- panel -->
        <div panel-name="chronological-Suite" class="panel">
          <div class="main-panel-header rounded-window-top">
            <span class="header-content">Methods in chronological order</span>
          </div> <!-- main-panel-header rounded-window-top -->
          <div class="main-panel-content rounded-window-bottom">
            <div class="chronological-class">
              <div class="chronological-class-name">com.SeleniumExitTest.tests.LogoutTest</div> <!-- chronological-class-name -->
              <div class="configuration-test before">
                <span class="method-name">setExtent</span>
                <span class="method-start">0 ms</span>
              </div> <!-- configuration-test before -->
              <div class="configuration-method before">
                <span class="method-name">initializeWebDriver</span>
                <span class="method-start">165 ms</span>
              </div> <!-- configuration-method before -->
              <div class="configuration-method before">
                <span class="method-name">openUrl</span>
                <span class="method-start">2884 ms</span>
              </div> <!-- configuration-method before -->
              <div class="test-method">
                <img src="failed.png">
                </img>
                <span class="method-name">logout</span>
                <span class="method-start">8234 ms</span>
              </div> <!-- test-method -->
              <div class="configuration-method after">
                <span class="method-name">attachScreenshot([TestResult name=logout status=FAILURE method=LogoutTest.logout()[pri:1, instance:com.SeleniumExitTe...)</span>
                <span class="method-start">18518 ms</span>
              </div> <!-- configuration-method after -->
              <div class="configuration-method after">
                <span class="method-name">closeBrowser([TestResult name=logout status=FAILURE method=LogoutTest.logout()[pri:1, instance:com.SeleniumExitTe...)</span>
                <span class="method-start">21324 ms</span>
              </div> <!-- configuration-method after -->
            </div> <!-- chronological-class -->
            <div class="chronological-class">
              <div class="chronological-class-name">com.SeleniumExitTest.tests.LoginTest</div> <!-- chronological-class-name -->
              <div class="configuration-method before">
                <span class="method-name">initializeWebDriver</span>
                <span class="method-start">23507 ms</span>
              </div> <!-- configuration-method before -->
              <div class="configuration-method before">
                <span class="method-name">openUrl</span>
                <span class="method-start">25507 ms</span>
              </div> <!-- configuration-method before -->
              <div class="test-method">
                <span class="method-name">validLogin</span>
                <span class="method-start">28977 ms</span>
              </div> <!-- test-method -->
              <div class="configuration-method after">
                <span class="method-name">attachScreenshot([TestResult name=validLogin status=SUCCESS method=LoginTest.validLogin()[pri:2, instance:com.Seleniu...)</span>
                <span class="method-start">32055 ms</span>
              </div> <!-- configuration-method after -->
              <div class="configuration-method after">
                <span class="method-name">closeBrowser([TestResult name=validLogin status=SUCCESS method=LoginTest.validLogin()[pri:2, instance:com.Seleniu...)</span>
                <span class="method-start">32056 ms</span>
              </div> <!-- configuration-method after -->
              <div class="configuration-method before">
                <span class="method-name">initializeWebDriver</span>
                <span class="method-start">33971 ms</span>
              </div> <!-- configuration-method before -->
              <div class="configuration-method before">
                <span class="method-name">openUrl</span>
                <span class="method-start">36238 ms</span>
              </div> <!-- configuration-method before -->
              <div class="test-method">
                <img src="failed.png">
                </img>
                <span class="method-name">invalidUsername</span>
                <span class="method-start">40624 ms</span>
              </div> <!-- test-method -->
              <div class="configuration-method after">
                <span class="method-name">attachScreenshot([TestResult name=invalidUsername status=FAILURE method=LoginTest.invalidUsername()[pri:3, instance:c...)</span>
                <span class="method-start">44907 ms</span>
              </div> <!-- configuration-method after -->
              <div class="configuration-method after">
                <span class="method-name">closeBrowser([TestResult name=invalidUsername status=FAILURE method=LoginTest.invalidUsername()[pri:3, instance:c...)</span>
                <span class="method-start">46005 ms</span>
              </div> <!-- configuration-method after -->
              <div class="configuration-method before">
                <span class="method-name">initializeWebDriver</span>
                <span class="method-start">48712 ms</span>
              </div> <!-- configuration-method before -->
              <div class="configuration-method before">
                <span class="method-name">openUrl</span>
                <span class="method-start">52126 ms</span>
              </div> <!-- configuration-method before -->
              <div class="test-method">
                <span class="method-name">invalidPassword</span>
                <span class="method-start">59016 ms</span>
              </div> <!-- test-method -->
              <div class="configuration-method after">
                <span class="method-name">attachScreenshot([TestResult name=invalidPassword status=SUCCESS method=LoginTest.invalidPassword()[pri:4, instance:c...)</span>
                <span class="method-start">65700 ms</span>
              </div> <!-- configuration-method after -->
              <div class="configuration-method after">
                <span class="method-name">closeBrowser([TestResult name=invalidPassword status=SUCCESS method=LoginTest.invalidPassword()[pri:4, instance:c...)</span>
                <span class="method-start">65701 ms</span>
              </div> <!-- configuration-method after -->
              <div class="configuration-method before">
                <span class="method-name">initializeWebDriver</span>
                <span class="method-start">66645 ms</span>
              </div> <!-- configuration-method before -->
              <div class="configuration-method before">
                <span class="method-name">openUrl</span>
                <span class="method-start">68985 ms</span>
              </div> <!-- configuration-method before -->
              <div class="test-method">
                <span class="method-name">emptyUsernameAndEmptyPassword</span>
                <span class="method-start">72020 ms</span>
              </div> <!-- test-method -->
              <div class="configuration-method after">
                <span class="method-name">attachScreenshot([TestResult name=emptyUsernameAndEmptyPassword status=SKIP method=LoginTest.emptyUsernameAndEmptyPas...)</span>
                <span class="method-start">72035 ms</span>
              </div> <!-- configuration-method after -->
              <div class="configuration-method after">
                <span class="method-name">closeBrowser([TestResult name=emptyUsernameAndEmptyPassword status=SKIP method=LoginTest.emptyUsernameAndEmptyPas...)</span>
                <span class="method-start">72036 ms</span>
              </div> <!-- configuration-method after -->
              <div class="configuration-method before">
                <span class="method-name">initializeWebDriver</span>
                <span class="method-start">72911 ms</span>
              </div> <!-- configuration-method before -->
              <div class="configuration-method before">
                <span class="method-name">openUrl</span>
                <span class="method-start">75833 ms</span>
              </div> <!-- configuration-method before -->
              <div class="test-method">
                <span class="method-name">emptyUsername</span>
                <span class="method-start">78539 ms</span>
              </div> <!-- test-method -->
              <div class="configuration-method after">
                <span class="method-name">attachScreenshot([TestResult name=emptyUsername status=SKIP method=LoginTest.emptyUsername()[pri:6, instance:com.Sele...)</span>
                <span class="method-start">78549 ms</span>
              </div> <!-- configuration-method after -->
              <div class="configuration-method after">
                <span class="method-name">closeBrowser([TestResult name=emptyUsername status=SKIP method=LoginTest.emptyUsername()[pri:6, instance:com.Sele...)</span>
                <span class="method-start">78550 ms</span>
              </div> <!-- configuration-method after -->
              <div class="configuration-method before">
                <span class="method-name">initializeWebDriver</span>
                <span class="method-start">79581 ms</span>
              </div> <!-- configuration-method before -->
              <div class="configuration-method before">
                <span class="method-name">openUrl</span>
                <span class="method-start">81882 ms</span>
              </div> <!-- configuration-method before -->
              <div class="test-method">
                <span class="method-name">emptyPassword</span>
                <span class="method-start">84901 ms</span>
              </div> <!-- test-method -->
              <div class="configuration-method after">
                <span class="method-name">attachScreenshot([TestResult name=emptyPassword status=SKIP method=LoginTest.emptyPassword()[pri:7, instance:com.Sele...)</span>
                <span class="method-start">84917 ms</span>
              </div> <!-- configuration-method after -->
              <div class="configuration-method after">
                <span class="method-name">closeBrowser([TestResult name=emptyPassword status=SKIP method=LoginTest.emptyPassword()[pri:7, instance:com.Sele...)</span>
                <span class="method-start">84918 ms</span>
              </div> <!-- configuration-method after -->
            </div> <!-- chronological-class -->
            <div class="chronological-class">
              <div class="chronological-class-name">com.SeleniumExitTest.tests.HomeTest</div> <!-- chronological-class-name -->
              <div class="configuration-method before">
                <span class="method-name">initializeWebDriver</span>
                <span class="method-start">85876 ms</span>
              </div> <!-- configuration-method before -->
              <div class="configuration-method before">
                <span class="method-name">openUrl</span>
                <span class="method-start">87515 ms</span>
              </div> <!-- configuration-method before -->
              <div class="test-method">
                <span class="method-name">productSearch</span>
                <span class="method-start">91855 ms</span>
              </div> <!-- test-method -->
              <div class="configuration-method after">
                <span class="method-name">attachScreenshot([TestResult name=productSearch status=SUCCESS method=HomeTest.productSearch()[pri:8, instance:com.Se...)</span>
                <span class="method-start">115099 ms</span>
              </div> <!-- configuration-method after -->
              <div class="configuration-method after">
                <span class="method-name">closeBrowser([TestResult name=productSearch status=SUCCESS method=HomeTest.productSearch()[pri:8, instance:com.Se...)</span>
                <span class="method-start">115100 ms</span>
              </div> <!-- configuration-method after -->
              <div class="configuration-method before">
                <span class="method-name">initializeWebDriver</span>
                <span class="method-start">115868 ms</span>
              </div> <!-- configuration-method before -->
              <div class="configuration-method before">
                <span class="method-name">openUrl</span>
                <span class="method-start">117456 ms</span>
              </div> <!-- configuration-method before -->
              <div class="test-method">
                <span class="method-name">wishlistProduct</span>
                <span class="method-start">121311 ms</span>
              </div> <!-- test-method -->
              <div class="configuration-method after">
                <span class="method-name">attachScreenshot([TestResult name=wishlistProduct status=SUCCESS method=HomeTest.wishlistProduct()[pri:9, instance:co...)</span>
                <span class="method-start">155840 ms</span>
              </div> <!-- configuration-method after -->
              <div class="configuration-method after">
                <span class="method-name">closeBrowser([TestResult name=wishlistProduct status=SUCCESS method=HomeTest.wishlistProduct()[pri:9, instance:co...)</span>
                <span class="method-start">155841 ms</span>
              </div> <!-- configuration-method after -->
              <div class="configuration-method before">
                <span class="method-name">initializeWebDriver</span>
                <span class="method-start">156657 ms</span>
              </div> <!-- configuration-method before -->
              <div class="configuration-method before">
                <span class="method-name">openUrl</span>
                <span class="method-start">158959 ms</span>
              </div> <!-- configuration-method before -->
              <div class="test-method">
                <span class="method-name">removeWishlistProduct</span>
                <span class="method-start">163238 ms</span>
              </div> <!-- test-method -->
              <div class="configuration-method after">
                <span class="method-name">attachScreenshot([TestResult name=removeWishlistProduct status=SUCCESS method=HomeTest.removeWishlistProduct()[pri:10...)</span>
                <span class="method-start">177815 ms</span>
              </div> <!-- configuration-method after -->
              <div class="configuration-method after">
                <span class="method-name">closeBrowser([TestResult name=removeWishlistProduct status=SUCCESS method=HomeTest.removeWishlistProduct()[pri:10...)</span>
                <span class="method-start">177815 ms</span>
              </div> <!-- configuration-method after -->
              <div class="configuration-method before">
                <span class="method-name">initializeWebDriver</span>
                <span class="method-start">179289 ms</span>
              </div> <!-- configuration-method before -->
              <div class="configuration-method before">
                <span class="method-name">openUrl</span>
                <span class="method-start">181874 ms</span>
              </div> <!-- configuration-method before -->
              <div class="test-method">
                <span class="method-name">myOrders</span>
                <span class="method-start">186242 ms</span>
              </div> <!-- test-method -->
              <div class="configuration-method after">
                <span class="method-name">attachScreenshot([TestResult name=myOrders status=SUCCESS method=HomeTest.myOrders()[pri:11, instance:com.SeleniumExi...)</span>
                <span class="method-start">203568 ms</span>
              </div> <!-- configuration-method after -->
              <div class="configuration-method after">
                <span class="method-name">closeBrowser([TestResult name=myOrders status=SUCCESS method=HomeTest.myOrders()[pri:11, instance:com.SeleniumExi...)</span>
                <span class="method-start">203568 ms</span>
              </div> <!-- configuration-method after -->
              <div class="configuration-method before">
                <span class="method-name">initializeWebDriver</span>
                <span class="method-start">204496 ms</span>
              </div> <!-- configuration-method before -->
              <div class="configuration-method before">
                <span class="method-name">openUrl</span>
                <span class="method-start">207674 ms</span>
              </div> <!-- configuration-method before -->
              <div class="test-method">
                <span class="method-name">superCoin</span>
                <span class="method-start">211945 ms</span>
              </div> <!-- test-method -->
              <div class="configuration-method after">
                <span class="method-name">attachScreenshot([TestResult name=superCoin status=SUCCESS method=HomeTest.superCoin()[pri:12, instance:com.SeleniumE...)</span>
                <span class="method-start">239117 ms</span>
              </div> <!-- configuration-method after -->
              <div class="configuration-method after">
                <span class="method-name">closeBrowser([TestResult name=superCoin status=SUCCESS method=HomeTest.superCoin()[pri:12, instance:com.SeleniumE...)</span>
                <span class="method-start">239117 ms</span>
              </div> <!-- configuration-method after -->
              <div class="configuration-method before">
                <span class="method-name">initializeWebDriver</span>
                <span class="method-start">240018 ms</span>
              </div> <!-- configuration-method before -->
              <div class="configuration-method before">
                <span class="method-name">openUrl</span>
                <span class="method-start">242341 ms</span>
              </div> <!-- configuration-method before -->
              <div class="test-method">
                <span class="method-name">flipkartLogo</span>
                <span class="method-start">246423 ms</span>
              </div> <!-- test-method -->
              <div class="configuration-method after">
                <span class="method-name">attachScreenshot([TestResult name=flipkartLogo status=SUCCESS method=HomeTest.flipkartLogo()[pri:13, instance:com.Sel...)</span>
                <span class="method-start">273403 ms</span>
              </div> <!-- configuration-method after -->
              <div class="configuration-method after">
                <span class="method-name">closeBrowser([TestResult name=flipkartLogo status=SUCCESS method=HomeTest.flipkartLogo()[pri:13, instance:com.Sel...)</span>
                <span class="method-start">273403 ms</span>
              </div> <!-- configuration-method after -->
              <div class="configuration-method before">
                <span class="method-name">initializeWebDriver</span>
                <span class="method-start">274275 ms</span>
              </div> <!-- configuration-method before -->
              <div class="configuration-method before">
                <span class="method-name">openUrl</span>
                <span class="method-start">276817 ms</span>
              </div> <!-- configuration-method before -->
              <div class="test-method">
                <span class="method-name">flipkartPlusZone</span>
                <span class="method-start">280704 ms</span>
              </div> <!-- test-method -->
              <div class="configuration-method after">
                <span class="method-name">attachScreenshot([TestResult name=flipkartPlusZone status=SUCCESS method=HomeTest.flipkartPlusZone()[pri:14, instance...)</span>
                <span class="method-start">312173 ms</span>
              </div> <!-- configuration-method after -->
              <div class="configuration-method after">
                <span class="method-name">closeBrowser([TestResult name=flipkartPlusZone status=SUCCESS method=HomeTest.flipkartPlusZone()[pri:14, instance...)</span>
                <span class="method-start">312174 ms</span>
              </div> <!-- configuration-method after -->
              <div class="configuration-method before">
                <span class="method-name">initializeWebDriver</span>
                <span class="method-start">313332 ms</span>
              </div> <!-- configuration-method before -->
              <div class="configuration-method before">
                <span class="method-name">openUrl</span>
                <span class="method-start">315985 ms</span>
              </div> <!-- configuration-method before -->
              <div class="test-method">
                <span class="method-name">flipkartCoupons</span>
                <span class="method-start">321707 ms</span>
              </div> <!-- test-method -->
              <div class="configuration-method after">
                <span class="method-name">attachScreenshot([TestResult name=flipkartCoupons status=SUCCESS method=HomeTest.flipkartCoupons()[pri:15, instance:c...)</span>
                <span class="method-start">344274 ms</span>
              </div> <!-- configuration-method after -->
              <div class="configuration-method after">
                <span class="method-name">closeBrowser([TestResult name=flipkartCoupons status=SUCCESS method=HomeTest.flipkartCoupons()[pri:15, instance:c...)</span>
                <span class="method-start">344274 ms</span>
              </div> <!-- configuration-method after -->
              <div class="configuration-method before">
                <span class="method-name">initializeWebDriver</span>
                <span class="method-start">345133 ms</span>
              </div> <!-- configuration-method before -->
              <div class="configuration-method before">
                <span class="method-name">openUrl</span>
                <span class="method-start">347230 ms</span>
              </div> <!-- configuration-method before -->
              <div class="test-method">
                <span class="method-name">flipkartNotifications</span>
                <span class="method-start">350925 ms</span>
              </div> <!-- test-method -->
              <div class="configuration-method after">
                <span class="method-name">attachScreenshot([TestResult name=flipkartNotifications status=SUCCESS method=HomeTest.flipkartNotifications()[pri:16...)</span>
                <span class="method-start">374353 ms</span>
              </div> <!-- configuration-method after -->
              <div class="configuration-method after">
                <span class="method-name">closeBrowser([TestResult name=flipkartNotifications status=SUCCESS method=HomeTest.flipkartNotifications()[pri:16...)</span>
                <span class="method-start">374356 ms</span>
              </div> <!-- configuration-method after -->
              <div class="configuration-method before">
                <span class="method-name">initializeWebDriver</span>
                <span class="method-start">376532 ms</span>
              </div> <!-- configuration-method before -->
              <div class="configuration-method before">
                <span class="method-name">openUrl</span>
                <span class="method-start">381327 ms</span>
              </div> <!-- configuration-method before -->
              <div class="test-method">
                <span class="method-name">flipkartFilterType</span>
                <span class="method-start">386815 ms</span>
              </div> <!-- test-method -->
              <div class="configuration-method after">
                <span class="method-name">attachScreenshot([TestResult name=flipkartFilterType status=SUCCESS method=HomeTest.flipkartFilterType()[pri:17, inst...)</span>
                <span class="method-start">418192 ms</span>
              </div> <!-- configuration-method after -->
              <div class="configuration-method after">
                <span class="method-name">closeBrowser([TestResult name=flipkartFilterType status=SUCCESS method=HomeTest.flipkartFilterType()[pri:17, inst...)</span>
                <span class="method-start">418193 ms</span>
              </div> <!-- configuration-method after -->
            </div> <!-- chronological-class -->
            <div class="chronological-class">
              <div class="chronological-class-name">com.SeleniumExitTest.tests.AddToCartTest</div> <!-- chronological-class-name -->
              <div class="configuration-method before">
                <span class="method-name">initializeWebDriver</span>
                <span class="method-start">419038 ms</span>
              </div> <!-- configuration-method before -->
              <div class="configuration-method before">
                <span class="method-name">openUrl</span>
                <span class="method-start">421181 ms</span>
              </div> <!-- configuration-method before -->
              <div class="test-method">
                <span class="method-name">AddProductToCart</span>
                <span class="method-start">424721 ms</span>
              </div> <!-- test-method -->
              <div class="configuration-method after">
                <span class="method-name">attachScreenshot([TestResult name=AddProductToCart status=SUCCESS method=AddToCartTest.AddProductToCart()[pri:18, ins...)</span>
                <span class="method-start">461462 ms</span>
              </div> <!-- configuration-method after -->
              <div class="configuration-method after">
                <span class="method-name">closeBrowser([TestResult name=AddProductToCart status=SUCCESS method=AddToCartTest.AddProductToCart()[pri:18, ins...)</span>
                <span class="method-start">461462 ms</span>
              </div> <!-- configuration-method after -->
              <div class="configuration-method before">
                <span class="method-name">initializeWebDriver</span>
                <span class="method-start">462702 ms</span>
              </div> <!-- configuration-method before -->
              <div class="configuration-method before">
                <span class="method-name">openUrl</span>
                <span class="method-start">464742 ms</span>
              </div> <!-- configuration-method before -->
              <div class="test-method">
                <span class="method-name">RemoveProductFromCart</span>
                <span class="method-start">467829 ms</span>
              </div> <!-- test-method -->
              <div class="configuration-method after">
                <span class="method-name">attachScreenshot([TestResult name=RemoveProductFromCart status=SUCCESS method=AddToCartTest.RemoveProductFromCart()[p...)</span>
                <span class="method-start">513096 ms</span>
              </div> <!-- configuration-method after -->
              <div class="configuration-method after">
                <span class="method-name">closeBrowser([TestResult name=RemoveProductFromCart status=SUCCESS method=AddToCartTest.RemoveProductFromCart()[p...)</span>
                <span class="method-start">513096 ms</span>
              </div> <!-- configuration-method after -->
              <div class="configuration-method before">
                <span class="method-name">initializeWebDriver</span>
                <span class="method-start">514148 ms</span>
              </div> <!-- configuration-method before -->
              <div class="configuration-method before">
                <span class="method-name">openUrl</span>
                <span class="method-start">516156 ms</span>
              </div> <!-- configuration-method before -->
              <div class="test-method">
                <span class="method-name">SaveForLater</span>
                <span class="method-start">523139 ms</span>
              </div> <!-- test-method -->
              <div class="configuration-method after">
                <span class="method-name">attachScreenshot([TestResult name=SaveForLater status=SUCCESS method=AddToCartTest.SaveForLater()[pri:20, instance:co...)</span>
                <span class="method-start">564934 ms</span>
              </div> <!-- configuration-method after -->
              <div class="configuration-method after">
                <span class="method-name">closeBrowser([TestResult name=SaveForLater status=SUCCESS method=AddToCartTest.SaveForLater()[pri:20, instance:co...)</span>
                <span class="method-start">564934 ms</span>
              </div> <!-- configuration-method after -->
            </div> <!-- chronological-class -->
            <div class="chronological-class">
              <div class="chronological-class-name">com.SeleniumExitTest.tests.LogoutTest</div> <!-- chronological-class-name -->
              <div class="configuration-test after">
                <span class="method-name">endReport</span>
                <span class="method-start">566661 ms</span>
              </div> <!-- configuration-test after -->
          </div> <!-- main-panel-content rounded-window-bottom -->
        </div> <!-- panel -->
      </div> <!-- main-panel-root -->
    </div> <!-- wrapper -->
  </body>
</html>
